reply:
CHATMESSAGE 130409 STATUS RECEIVED

reply:
CHAT #m0t0rchik/$psixophone;b4bcf122eae6e075 ACTIVITY_TIMESTAMP 1359902473

command:#5 GET CHATMESSAGE 130409 BODY(5)

#5 CHATMESSAGE 130409 BODY
reply:#5 GET CHATMESSAGE 130409 BODY
#5 CHATMESSAGE 130409 BODY ping
#5 CHATMESSAGE 130409 BODY
command:#6 GET CHATMESSAGE 130409 CHATNAME(6)

#6 CHATMESSAGE 130409 CHATNAME
reply:#6 GET CHATMESSAGE 130409 CHATNAME
#6 CHATMESSAGE 130409 CHATNAME #m0t0rchik/$psixophone;b4bcf122eae6e075
#6 CHATMESSAGE 130409 CHATNAME
MessageStatus: ping(#m0t0rchik/$psixophone;b4bcf122eae6e075)[Pausing]
poll:   timeout=1000

-----

reply:
CHATMESSAGE 130409 STATUS READ

MessageStatus: ping(#m0t0rchik/$psixophone;b4bcf122eae6e075)[Online]
poll:   timeout=1000
