2013/02/06 00:04:29	[SAID]	Ï$iõ(m0t0rchik)	get driver buffer state
2013/02/06 00:13:41	[SAID]	Ï$iõ on the Phone(psixophone)	get driver buffer state
2013/02/06 00:13:41	[SAID]	Ï$iõ(m0t0rchik)	commands buffer: 7189
replies buffer: 7189
2013/02/06 00:19:06	[SAID]	Ï$iõ(m0t0rchik)	commands buffer: 7271
replies buffer: 7271
2013/02/06 00:19:06	[SAID]	Ï$iõ(m0t0rchik)	commands buffer: 7231
replies buffer: 7231
2013/02/06 00:19:26	[SAID]	Ï$iõ(m0t0rchik)	commands buffer: 7341
replies buffer: 7341
2013/02/06 00:22:42	[SAID]	Ï$iõ(m0t0rchik)	commands buffer: 7421
replies buffer: 7421
2013/02/06 00:21:52	[SAID]	Ï$iõ(m0t0rchik)	commands buffer: 7382
replies buffer: 7382
2013/02/06 00:33:56	[SAID]	Ï$iõ(m0t0rchik)	commands buffer: 7490
replies buffer: 7490
2013/02/06 00:40:09	[SAID]	Ï$iõ(m0t0rchik)	commands buffer: 7534
replies buffer: 7534
2013/02/06 00:42:34	[SAID]	Ï$iõ on the Phone(psixophone)	get driver buffer state
2013/02/06 00:42:34	[SAID]	Ï$iõ(m0t0rchik)	commands buffer: 7574
replies buffer: 7574
2013/02/06 00:46:16	[SAID]	Ï$iõ on the Phone(psixophone)	get driver buffer state
2013/02/06 00:46:16	[SAID]	Ï$iõ(m0t0rchik)	commands buffer: 7630
replies buffer: 7630
2013/02/06 01:43:45	[SAID]	Ï$iõ(m0t0rchik)	commands buffer: 7684
replies buffer: 7684
2013/02/06 01:59:18	[SAID]	Ï$iõ on the Phone(psixophone)	ping
2013/02/06 01:59:23	[SAID]	Ï$iõ(m0t0rchik)	PONG
2013/02/06 01:59:37	[SAID]	Ï$iõ on the Phone(psixophone)	ping
2013/02/06 01:59:37	[SAID]	Ï$iõ(m0t0rchik)	PONG
2013/02/06 01:59:45	[SAID]	Ï$iõ on the Phone(psixophone)	ping
2013/02/06 01:59:45	[SAID]	Ï$iõ(m0t0rchik)	PONG
2013/02/06 02:00:24	[SAID]	Ï$iõ(m0t0rchik)	commands buffer: 7906
replies buffer: 7906
2013/02/06 02:24:09	[SAID]	Ï$iõ(m0t0rchik)	commands buffer: 14
replies buffer: 14
2013/02/06 02:24:41	[SAID]	Ï$iõ(m0t0rchik)	commands buffer: 57
replies buffer: 57
2013/02/06 02:24:57	[SAID]	Ï$iõ on the Phone(psixophone)	ping
2013/02/06 02:24:57	[SAID]	Ï$iõ(m0t0rchik)	PONG
2013/02/06 07:16:01	[SAID]	Ï$iõ on the Phone(psixophone)	get driver bucfer state
2013/02/06 07:17:25	[SAID]	Ï$iõ(m0t0rchik)	cant use object bucfer state
2013/02/06 07:24:54	[SAID]	Ï$iõ on the Phone(psixophone)	get driver buffer state
2013/02/06 07:24:55	[SAID]	Ï$iõ(m0t0rchik)	commands buffer: 15
replies buffer: 15
2013/02/06 07:25:17	[SAID]	Ï$iõ on the Phone(psixophone)	get driver buffer state
2013/02/06 07:25:17	[SAID]	Ï$iõ(m0t0rchik)	commands buffer: 73
replies buffer: 73
2013/02/06 07:25:53	[SAID]	Ï$iõ on the Phone(psixophone)	get driver buffer state
2013/02/06 07:25:53	[SAID]	Ï$iõ(m0t0rchik)	commands buffer: 131
replies buffer: 131
2013/02/06 07:26:03	[SAID]	Ï$iõ on the Phone(psixophone)	ping
2013/02/06 07:26:03	[SAID]	Ï$iõ(m0t0rchik)	PONG
2013/02/06 07:26:25	[SAID]	Ï$iõ on the Phone(psixophone)	get driver buffer state
2013/02/06 07:26:25	[SAID]	Ï$iõ(m0t0rchik)	commands buffer: 131
replies buffer: 131
2013/02/06 07:26:48	[SAID]	Ï$iõ on the Phone(psixophone)	get driver buffer state
2013/02/06 07:26:49	[SAID]	Ï$iõ(m0t0rchik)	commands buffer: 175
replies buffer: 175
2013/02/06 07:27:11	[SAID]	Ï$iõ on the Phone(psixophone)	get driver buffer state
2013/02/06 07:27:11	[SAID]	Ï$iõ(m0t0rchik)	commands buffer: 117
replies buffer: 117
2013/02/06 07:27:36	[SAID]	Ï$iõ on the Phone(psixophone)	get driver buffer state
2013/02/06 07:27:36	[SAID]	Ï$iõ(m0t0rchik)	commands buffer: 131
replies buffer: 131
2013/02/06 07:28:03	[SAID]	Ï$iõ on the Phone(psixophone)	get driver buffer state
2013/02/06 07:28:03	[SAID]	Ï$iõ(m0t0rchik)	commands buffer: 131
replies buffer: 131
2013/02/06 07:28:29	[SAID]	Ï$iõ on the Phone(psixophone)	get drivver buffer state
2013/02/06 07:29:02	[SAID]	Ï$iõ on the Phone(psixophone)	get driver buffer state
2013/02/06 07:29:02	[SAID]	Ï$iõ(m0t0rchik)	commands buffer: 102
replies buffer: 102
2013/02/06 07:36:32	[SAID]	Ï$iõ(m0t0rchik)	commands buffer: 14
replies buffer: 14
2013/02/06 07:41:23	[SAID]	Ï$iõ(m0t0rchik)	PONG
2013/02/06 07:42:37	[SAID]	Ï$iõ on the Phone(psixophone)	ping
2013/02/06 07:42:37	[SAID]	Ï$iõ(m0t0rchik)	PONG
2013/02/06 07:42:55	[SAID]	Ï$iõ on the Phone(psixophone)	ping
2013/02/06 07:42:56	[SAID]	Ï$iõ(m0t0rchik)	PONG
2013/02/06 07:43:11	[SAID]	Ï$iõ on the Phone(psixophone)	ping
2013/02/06 07:43:13	[SAID]	Ï$iõ(m0t0rchik)	PONG
2013/02/06 07:45:24	[SAID]	Ï$iõ on the Phone(psixophone)	ping
2013/02/06 07:45:24	[SAID]	Ï$iõ(m0t0rchik)	PONG
2013/02/06 07:48:05	[SAID]	Ï$iõ on the Phone(psixophone)	ping
2013/02/06 07:48:05	[SAID]	Ï$iõ(m0t0rchik)	PONG
2013/02/06 07:52:12	[SAID]	Ï$iõ(m0t0rchik)	PONG
2013/02/06 07:52:50	[SAID]	Ï$iõ(m0t0rchik)	commands buffer: 57
replies buffer: 57
2013/02/06 07:53:59	[SAID]	Ï$iõ(m0t0rchik)	cant use object duffer state
2013/02/06 07:54:26	[SAID]	Ï$iõ(m0t0rchik)	commands buffer: 57
replies buffer: 57
2013/02/06 08:25:07	[SAID]	Ï$iõ on the Phone(psixophone)	get driver buffer state
2013/02/06 08:25:15	[SAID]	Ï$iõ(m0t0rchik)	commands buffer: 15
replies buffer: 15
2013/02/06 08:25:46	[SAID]	Ï$iõ on the Phone(psixophone)	get buffer driver state
2013/02/06 08:26:09	[SAID]	Ï$iõ on the Phone(psixophone)	get buffer driver state
2013/02/06 08:27:38	[SAID]	Ï$iõ(m0t0rchik)	commands buffer: 57
replies buffer: 57
2013/02/06 08:27:15	[SAID]	Ï$iõ(m0t0rchik)	commands buffer: 14
replies buffer: 14
2013/02/06 08:28:13	[SAID]	Ï$iõ on the Phone(psixophone)	get driver buffer state
2013/02/06 08:28:13	[SAID]	Ï$iõ(m0t0rchik)	commands buffer: 115
replies buffer: 115
2013/02/06 10:35:12	[SAID]	Ï$iõ(m0t0rchik)	PONG
2013/02/06 11:04:49	[SAID]	Ï$iõ(m0t0rchik)	PONG
2013/02/06 11:06:05	[SAID]	Ï$iõ on the Phone(psixophone)	ping
2013/02/06 11:06:05	[SAID]	Ï$iõ(m0t0rchik)	PONG
2013/02/06 11:12:25	[SAID]	Ï$iõ(m0t0rchik)	commands buffer: 14
replies buffer: 14
2013/02/06 11:11:03	[SAID]	Ï$iõ(m0t0rchik)	PONG
2013/02/06 11:10:10	[SAID]	Ï$iõ(m0t0rchik)	commands buffer: 14
replies buffer: 14
2013/02/06 11:07:21	[SAID]	Ï$iõ(m0t0rchik)	PONG
2013/02/06 11:13:34	[SAID]	Ï$iõ(m0t0rchik)	PONG
2013/02/06 11:14:53	[SAID]	Ï$iõ on the Phone(psixophone)	ping
2013/02/06 11:14:53	[SAID]	Ï$iõ(m0t0rchik)	PONG
2013/02/06 11:15:19	[SAID]	Ï$iõ on the Phone(psixophone)	ping
2013/02/06 11:15:19	[SAID]	Ï$iõ(m0t0rchik)	PONG
2013/02/06 11:16:01	[SAID]	Ï$iõ(m0t0rchik)	commands buffer: 60
replies buffer: 60
2013/02/06 11:18:06	[SAID]	Ï$iõ(m0t0rchik)	PONG
2013/02/06 11:18:06	[SAID]	Ï$iõ(m0t0rchik)	commands buffer: 60
replies buffer: 60
2013/02/06 11:19:10	[SAID]	Ï$iõ on the Phone(psixophone)	ping
2013/02/06 11:19:51	[SAID]	Ï$iõ(m0t0rchik)	PONG
2013/02/06 11:19:51	[SAID]	Ï$iõ(m0t0rchik)	PONG
2013/02/06 13:09:21	[SAID]	Ï$iõ(m0t0rchik)	PONG
2013/02/06 13:09:37	[SAID]	Ï$iõ(m0t0rchik)	PONG
2013/02/06 13:09:46	[SAID]	Ï$iõ on the Phone(psixophone)	ping
2013/02/06 13:09:47	[SAID]	Ï$iõ(m0t0rchik)	PONG
2013/02/06 13:10:03	[SAID]	Ï$iõ on the Phone(psixophone)	ping
2013/02/06 13:10:04	[SAID]	Ï$iõ(m0t0rchik)	PONG
2013/02/06 13:10:30	[SAID]	Ï$iõ on the Phone(psixophone)	get driver buffer state
2013/02/06 13:10:30	[SAID]	Ï$iõ(m0t0rchik)	commands buffer: 207
replies buffer: 207
2013/02/06 13:12:20	[SAID]	Ï$iõ(m0t0rchik)	PONG
2013/02/06 13:11:35	[SAID]	Ï$iõ(m0t0rchik)	commands buffer: 14
replies buffer: 14
2013/02/06 13:12:55	[SAID]	Ï$iõ(m0t0rchik)	PONG
2013/02/06 13:13:10	[SAID]	Ï$iõ on the Phone(psixophone)	get driver buffer state
2013/02/06 13:13:11	[SAID]	Ï$iõ(m0t0rchik)	commands buffer: 5866
replies buffer: 5866
2013/02/06 13:14:26	[SAID]	Ï$iõ(m0t0rchik)	PONG
2013/02/06 13:14:26	[SAID]	Ï$iõ(m0t0rchik)	PONG
2013/02/06 13:15:44	[SAID]	Ï$iõ(m0t0rchik)	PONG
2013/02/06 13:15:44	[SAID]	Ï$iõ(m0t0rchik)	PONG
2013/02/06 13:17:05	[SAID]	Ï$iõ(m0t0rchik)	PONG
2013/02/06 13:17:05	[SAID]	Ï$iõ(m0t0rchik)	PONG
2013/02/06 13:17:05	[SAID]	Ï$iõ(m0t0rchik)	PONG
2013/02/06 13:17:31	[SAID]	Ï$iõ on the Phone(psixophone)	ping
2013/02/06 13:17:31	[SAID]	Ï$iõ(m0t0rchik)	PONG
2013/02/06 13:26:42	[SAID]	Ï$iõ(m0t0rchik)	PONG
2013/02/06 13:26:58	[SAID]	Ï$iõ(m0t0rchik)	PONG
2013/02/06 13:27:35	[SAID]	Ï$iõ on the Phone(psixophone)	get driver buffer state
2013/02/06 13:27:35	[SAID]	Ï$iõ(m0t0rchik)	commands buffer: 120
replies buffer: 120
2013/02/06 13:27:56	[SAID]	Ï$iõ on the Phone(psixophone)	ping
2013/02/06 13:27:56	[SAID]	Ï$iõ(m0t0rchik)	PONG
2013/02/06 13:28:46	[SAID]	Ï$iõ(m0t0rchik)	PONG
2013/02/06 14:19:53	[SAID]	Ï$iõ on the Phone(psixophone)	ping
2013/02/06 14:20:31	[SAID]	Ï$iõ(m0t0rchik)	PONG
