2013/02/05 22:52:26	[SAID]	Ï$iõ(m0t0rchik)	PONG
2013/02/05 22:52:43	[SAID]	Ï$iõ(m0t0rchik)	PONG
2013/02/05 22:52:58	[SAID]	Ï$iõ(m0t0rchik)	PONG
2013/02/05 22:53:05	[SAID]	Ï$iõ(m0t0rchik)	PONG
2013/02/05 22:53:21	[SAID]	Ï$iõ(m0t0rchik)	PONG
2013/02/05 22:58:56	[SAID]	Ï$iõ(m0t0rchik)	PONG
2013/02/05 22:59:29	[SAID]	Ï$iõ(m0t0rchik)	commands buffer: 6316
replies buffer: 6316
2013/02/05 23:00:24	[SAID]	Ï$iõ on the Phone(psixophone)	get driver buffer state
2013/02/05 23:00:24	[SAID]	Ï$iõ(m0t0rchik)	commands buffer: 6357
replies buffer: 6357
2013/02/05 23:00:38	[SAID]	Ï$iõ on the Phone(psixophone)	ping
2013/02/05 23:00:38	[SAID]	Ï$iõ(m0t0rchik)	PONG
2013/02/05 23:01:31	[SAID]	Ï$iõ on the Phone(psixophone)	get driver buffer state
2013/02/05 23:01:31	[SAID]	Ï$iõ(m0t0rchik)	commands buffer: 6467
replies buffer: 6467
2013/02/05 23:01:51	[SAID]	Ï$iõ on the Phone(psixophone)	get driver buffer state
2013/02/05 23:01:51	[SAID]	Ï$iõ(m0t0rchik)	commands buffer: 6521
replies buffer: 6521
2013/02/05 23:07:49	[SAID]	Ï$iõ on the Phone(psixophone)	get driver buffer state
2013/02/05 23:07:49	[SAID]	Ï$iõ(m0t0rchik)	commands buffer: 6571
replies buffer: 6571
2013/02/05 23:13:25	[SAID]	Ï$iõ(m0t0rchik)	commands buffer: 6628
replies buffer: 6628
2013/02/05 23:14:02	[SAID]	Ï$iõ(m0t0rchik)	commands buffer: 6669
replies buffer: 6669
2013/02/05 23:19:28	[SAID]	Ï$iõ on the Phone(psixophone)	get driver buffer state
2013/02/05 23:19:28	[SAID]	Ï$iõ(m0t0rchik)	commands buffer: 6695
replies buffer: 6695
2013/02/05 23:22:42	[SAID]	Ï$iõ(m0t0rchik)	commands buffer: 6749
replies buffer: 6749
2013/02/05 23:25:24	[SAID]	Ï$iõ on the Phone(psixophone)	get driver buffer state
2013/02/05 23:25:24	[SAID]	Ï$iõ(m0t0rchik)	commands buffer: 6792
replies buffer: 6792
2013/02/05 23:28:03	[SAID]	Ï$iõ on the Phone(psixophone)	get driver buffer state
2013/02/05 23:28:03	[SAID]	Ï$iõ(m0t0rchik)	commands buffer: 6848
replies buffer: 6848
