2013/02/03 15:44:08	[SAID]	Ï$iõ(m0t0rchik)	lol
2013/02/03 15:44:08	[SAID]	Ï$iõ(m0t0rchik)	lol
2013/02/03 15:44:19	[SAID]	Ï$iõ(m0t0rchik)	lpl
2013/02/03 15:44:19	[SAID]	Ï$iõ(m0t0rchik)	lpl
2013/02/03 15:46:23	[SAID]	Ï$iõ(m0t0rchik)	lol
2013/02/03 15:46:23	[SAID]	Ï$iõ(m0t0rchik)	lol
2013/02/03 15:47:26	[SAID]	Ï$iõ on the Phone(psixophone)	fff
2013/02/03 15:47:26	[SAID]	Ï$iõ on the Phone(psixophone)	fff
2013/02/03 15:47:53	[SAID]	Ï$iõ(m0t0rchik)	lol
2013/02/03 15:47:53	[SAID]	Ï$iõ(m0t0rchik)	lol
2013/02/03 15:48:00	[SAID]	Ï$iõ on the Phone(psixophone)	fff
2013/02/03 15:48:00	[SAID]	Ï$iõ on the Phone(psixophone)	fff
2013/02/03 15:48:22	[SAID]	Ï$iõ on the Phone(psixophone)	ping
2013/02/03 15:48:22	[SAID]	Ï$iõ on the Phone(psixophone)	ping
2013/02/03 15:48:47	[SAID]	Ï$iõ on the Phone(psixophone)	ping
2013/02/03 15:48:47	[SAID]	Ï$iõ on the Phone(psixophone)	ping
2013/02/03 15:50:07	[SAID]	Ï$iõ on the Phone(psixophone)	PING
2013/02/03 15:50:07	[SAID]	Ï$iõ on the Phone(psixophone)	PING
2013/02/03 15:57:21	[SAID]	Ï$iõ on the Phone(psixophone)	PING
2013/02/03 15:57:43	[SAID]	Ï$iõ(m0t0rchik)	PONG
2013/02/03 15:57:43	[SAID]	Ï$iõ(m0t0rchik)	PONG
2013/02/03 15:58:05	[SAID]	Ï$iõ on the Phone(psixophone)	PING
2013/02/03 15:58:05	[SAID]	Ï$iõ on the Phone(psixophone)	PING
2013/02/03 15:58:19	[SAID]	Ï$iõ(m0t0rchik)	PONG
2013/02/03 15:58:19	[SAID]	Ï$iõ(m0t0rchik)	PONG
2013/02/03 15:58:19	[SAID]	Ï$iõ(m0t0rchik)	PONG
2013/02/03 15:58:19	[SAID]	Ï$iõ(m0t0rchik)	PONG
2013/02/03 15:58:56	[SAID]	Ï$iõ on the Phone(psixophone)	PING
2013/02/03 15:58:57	[SAID]	Ï$iõ(m0t0rchik)	PONG
2013/02/03 15:58:57	[SAID]	Ï$iõ(m0t0rchik)	PONG
2013/02/03 15:58:56	[SAID]	Ï$iõ on the Phone(psixophone)	PING
2013/02/03 15:59:00	[SAID]	Ï$iõ(m0t0rchik)	PONG
2013/02/03 15:59:00	[SAID]	Ï$iõ(m0t0rchik)	PONG
2013/02/03 15:59:33	[SAID]	Ï$iõ on the Phone(psixophone)	PING
2013/02/03 15:59:33	[SAID]	Ï$iõ on the Phone(psixophone)	PING
2013/02/03 15:59:33	[SAID]	Ï$iõ(m0t0rchik)	PONG
2013/02/03 15:59:33	[SAID]	Ï$iõ(m0t0rchik)	PONG
2013/02/03 15:59:33	[SAID]	Ï$iõ(m0t0rchik)	PONG
2013/02/03 15:59:33	[SAID]	Ï$iõ(m0t0rchik)	PONG
2013/02/03 16:00:55	[SAID]	Ï$iõ on the Phone(psixophone)	PING
2013/02/03 16:00:56	[SAID]	Ï$iõ(m0t0rchik)	PONG
2013/02/03 16:00:56	[SAID]	Ï$iõ(m0t0rchik)	PONG
2013/02/03 16:01:18	[SAID]	Ï$iõ on the Phone(psixophone)	PING
2013/02/03 16:01:18	[SAID]	Ï$iõ on the Phone(psixophone)	PING
2013/02/03 16:01:18	[SAID]	Ï$iõ(m0t0rchik)	PONG
2013/02/03 16:01:18	[SAID]	Ï$iõ(m0t0rchik)	PONG
2013/02/03 16:01:18	[SAID]	Ï$iõ(m0t0rchik)	PONG
2013/02/03 16:01:18	[SAID]	Ï$iõ(m0t0rchik)	PONG
2013/02/03 16:06:18	[SAID]	Ï$iõ on the Phone(psixophone)	PING
2013/02/03 16:06:52	[SAID]	Ï$iõ on the Phone(psixophone)	PING
2013/02/03 16:08:20	[SAID]	Ï$iõ on the Phone(psixophone)	PING
2013/02/03 16:09:03	[SAID]	Ï$iõ on the Phone(psixophone)	PING
2013/02/03 16:09:28	[SAID]	Ï$iõ on the Phone(psixophone)	PING
2013/02/03 16:10:50	[SAID]	Ï$iõ on the Phone(psixophone)	PING
2013/02/03 16:11:13	[SAID]	Ï$iõ on the Phone(psixophone)	PING
2013/02/03 16:11:20	[SAID]	Ï$iõ on the Phone(psixophone)	PING
2013/02/03 16:11:30	[SAID]	Ï$iõ on the Phone(psixophone)	PING
2013/02/03 16:12:09	[SAID]	Ï$iõ on the Phone(psixophone)	PING
2013/02/03 16:12:46	[SAID]	Ï$iõ on the Phone(psixophone)	PING
2013/02/03 22:08:54	[SAID]	Ï$iõ on the Phone(psixophone)	ping
2013/02/03 22:09:11	[SAID]	Ï$iõ(m0t0rchik)	PONG
2013/02/03 22:09:41	[SAID]	Ï$iõ on the Phone(psixophone)	ping
2013/02/03 22:09:41	[SAID]	Ï$iõ(m0t0rchik)	PONG
2013/02/03 22:10:07	[SAID]	Ï$iõ(m0t0rchik)	sfdsf
2013/02/03 22:10:12	[SAID]	Ï$iõ(m0t0rchik)	ping
2013/02/03 22:10:13	[SAID]	Ï$iõ(m0t0rchik)	PONG
2013/02/03 22:10:18	[SAID]	Ï$iõ(m0t0rchik)	ping
2013/02/03 22:10:19	[SAID]	Ï$iõ(m0t0rchik)	PONG
2013/02/03 22:10:29	[SAID]	Ï$iõ on the Phone(psixophone)	ping
2013/02/03 22:10:29	[SAID]	Ï$iõ(m0t0rchik)	PONG
2013/02/03 22:17:37	[SAID]	Ï$iõ on the Phone(psixophone)	ping
2013/02/03 22:26:15	[SAID]	Ï$iõ on the Phone(psixophone)	ping
2013/02/03 22:26:15	[SAID]	Ï$iõ(m0t0rchik)	STATUS READ
2013/02/03 22:26:15	[SAID]	Ï$iõ(m0t0rchik)	PONG
2013/02/03 22:28:16	[SAID]	Ï$iõ on the Phone(psixophone)	ping
2013/02/03 22:28:16	[SAID]	Ï$iõ(m0t0rchik)	STATUS READ
2013/02/03 22:29:58	[SAID]	Ï$iõ on the Phone(psixophone)	ping
2013/02/03 22:29:59	[SAID]	Ï$iõ(m0t0rchik)	STATUS READ
2013/02/03 22:31:44	[SAID]	Ï$iõ on the Phone(psixophone)	ping
2013/02/03 22:31:44	[SAID]	Ï$iõ(m0t0rchik)	STATUS READ
2013/02/03 22:35:08	[SAID]	Ï$iõ on the Phone(psixophone)	ping
2013/02/03 22:37:34	[SAID]	Ï$iõ on the Phone(psixophone)	ping
2013/02/03 22:37:39	[SAID]	Ï$iõ(m0t0rchik)	PONG
2013/02/03 22:39:18	[SAID]	Ï$iõ on the Phone(psixophone)	ping
2013/02/03 22:39:23	[SAID]	Ï$iõ(m0t0rchik)	PONG
2013/02/03 23:03:14	[SAID]	Ï$iõ(m0t0rchik)	PONG
2013/02/03 23:03:25	[SAID]	Ï$iõ on the Phone(psixophone)	Ping
2013/02/03 23:04:57	[SAID]	Ï$iõ on the Phone(psixophone)	ping
2013/02/03 23:04:57	[SAID]	Ï$iõ(m0t0rchik)	PONG
2013/02/03 23:04:57	[SAID]	Ï$iõ(m0t0rchik)	PONG
2013/02/03 23:05:04	[SAID]	Ï$iõ(m0t0rchik)	PONG
2013/02/03 23:05:16	[SAID]	Ï$iõ on the Phone(psixophone)	Ping
2013/02/03 23:05:27	[SAID]	Ï$iõ(m0t0rchik)	PONG
2013/02/03 23:05:27	[SAID]	Ï$iõ(m0t0rchik)	PONG
2013/02/03 23:06:26	[SAID]	Ï$iõ on the Phone(psixophone)	Ping
2013/02/03 23:06:27	[SAID]	Ï$iõ(m0t0rchik)	PONG
2013/02/03 23:06:27	[SAID]	Ï$iõ(m0t0rchik)	PONG
2013/02/03 23:07:11	[SAID]	Ï$iõ on the Phone(psixophone)	solo
2013/02/03 23:07:36	[SAID]	Ï$iõ on the Phone(psixophone)	Ping
2013/02/03 23:07:36	[SAID]	Ï$iõ(m0t0rchik)	PONG
2013/02/03 23:07:36	[SAID]	Ï$iõ(m0t0rchik)	PONG
2013/02/03 23:07:47	[SAID]	Ï$iõ on the Phone(psixophone)	ping
2013/02/03 23:07:48	[SAID]	Ï$iõ(m0t0rchik)	PONG
2013/02/03 23:07:48	[SAID]	Ï$iõ(m0t0rchik)	PONG
2013/02/03 23:08:03	[SAID]	Ï$iõ on the Phone(psixophone)	ping
2013/02/03 23:08:04	[SAID]	Ï$iõ(m0t0rchik)	PONG
2013/02/03 23:08:05	[SAID]	Ï$iõ(m0t0rchik)	PONG
2013/02/03 23:08:32	[SAID]	Ï$iõ(m0t0rchik)	lol
2013/02/03 23:08:36	[SAID]	Ï$iõ(m0t0rchik)	;p;p
2013/02/03 23:08:34	[SAID]	Ï$iõ(m0t0rchik)	;p;
2013/02/03 23:08:44	[SAID]	Ï$iõ(m0t0rchik)	lol
2013/02/03 23:08:45	[SAID]	Ï$iõ(m0t0rchik)	lol
2013/02/03 23:08:48	[SAID]	Ï$iõ(m0t0rchik)	lol
2013/02/03 23:08:59	[SAID]	Ï$iõ on the Phone(psixophone)	ping
2013/02/03 23:09:10	[SAID]	Ï$iõ(m0t0rchik)	PONG
2013/02/03 23:09:10	[SAID]	Ï$iõ(m0t0rchik)	PONG
2013/02/03 23:12:57	[SAID]	Ï$iõ on the Phone(psixophone)	pinf
2013/02/03 23:13:07	[SAID]	Ï$iõ on the Phone(psixophone)	ping
2013/02/03 23:13:15	[SAID]	Ï$iõ(m0t0rchik)	PONG
2013/02/03 23:13:15	[SAID]	Ï$iõ(m0t0rchik)	PONG
2013/02/03 23:15:13	[SAID]	Ï$iõ on the Phone(psixophone)	ping
2013/02/03 23:15:13	[SAID]	Ï$iõ(m0t0rchik)	PONG
2013/02/03 23:15:13	[SAID]	Ï$iõ(m0t0rchik)	PONG
2013/02/03 23:16:19	[SAID]	Ï$iõ on the Phone(psixophone)	ping
2013/02/03 23:16:26	[SAID]	Ï$iõ(m0t0rchik)	PONG
2013/02/03 23:16:26	[SAID]	Ï$iõ(m0t0rchik)	PONG
2013/02/03 23:17:41	[SAID]	Ï$iõ on the Phone(psixophone)	ping
2013/02/03 23:17:41	[SAID]	Ï$iõ(m0t0rchik)	PONG
2013/02/03 23:17:41	[SAID]	Ï$iõ(m0t0rchik)	PONG
2013/02/03 23:26:06	[SAID]	Ï$iõ(m0t0rchik)	PONG
2013/02/03 23:26:41	[SAID]	Ï$iõ on the Phone(psixophone)	ping
2013/02/03 23:26:41	[SAID]	Ï$iõ(m0t0rchik)	PONG
2013/02/03 23:26:41	[SAID]	Ï$iõ(m0t0rchik)	PONG
2013/02/03 23:30:02	[SAID]	Ï$iõ on the Phone(psixophone)	ping
2013/02/03 23:30:02	[SAID]	Ï$iõ(m0t0rchik)	PONG
2013/02/03 23:30:02	[SAID]	Ï$iõ(m0t0rchik)	PONG
2013/02/03 23:32:13	[SAID]	Ï$iõ on the Phone(psixophone)	ping
2013/02/03 23:32:13	[SAID]	Ï$iõ(m0t0rchik)	PONG
2013/02/03 23:32:13	[SAID]	Ï$iõ(m0t0rchik)	PONG
2013/02/03 23:38:03	[SAID]	Ï$iõ on the Phone(psixophone)	ping
2013/02/03 23:38:03	[SAID]	Ï$iõ(m0t0rchik)	PONG
2013/02/03 23:53:25	[SAID]	Ï$iõ on the Phone(psixophone)	ping
2013/02/03 23:53:26	[SAID]	Ï$iõ(m0t0rchik)	PONG
2013/02/03 23:54:03	[SAID]	Ï$iõ(m0t0rchik)	PONG
2013/02/03 23:55:45	[SAID]	Ï$iõ on the Phone(psixophone)	ping
2013/02/03 23:55:45	[SAID]	Ï$iõ(m0t0rchik)	PONG
2013/02/03 23:56:45	[SAID]	Ï$iõ on the Phone(psixophone)	ping
2013/02/03 23:56:45	[SAID]	Ï$iõ(m0t0rchik)	PONG
