2013/02/03 23:59:43	[SAID]	Ï$iõ(m0t0rchik)	pong
2013/02/03 23:59:46	[SAID]	Ï$iõ(m0t0rchik)	ping
2013/02/03 23:59:49	[SAID]	Ï$iõ(m0t0rchik)	ping
2013/02/04 00:01:05	[SAID]	Ï$iõ on the Phone(psixophone)	ping
2013/02/04 00:01:05	[SAID]	Ï$iõ(m0t0rchik)	PONG
2013/02/04 00:02:48	[SAID]	Ï$iõ on the Phone(psixophone)	ping
2013/02/04 00:02:49	[SAID]	Ï$iõ(m0t0rchik)	PONG
2013/02/04 00:02:59	[SAID]	Ï$iõ on the Phone(psixophone)	pinh
2013/02/04 00:03:09	[SAID]	Ï$iõ on the Phone(psixophone)	ping
2013/02/04 00:03:10	[SAID]	Ï$iõ(m0t0rchik)	PONG
2013/02/04 00:04:44	[SAID]	Ï$iõ on the Phone(psixophone)	ping
2013/02/04 00:04:45	[SAID]	Ï$iõ(m0t0rchik)	PONG
2013/02/04 00:04:56	[SAID]	Ï$iõ on the Phone(psixophone)	ping
2013/02/04 00:04:58	[SAID]	Ï$iõ(m0t0rchik)	PONG
2013/02/04 00:13:59	[SAID]	Ï$iõ on the Phone(psixophone)	ping
2013/02/04 00:14:00	[SAID]	Ï$iõ(m0t0rchik)	PONG
2013/02/04 00:14:06	[SAID]	Ï$iõ on the Phone(psixophone)	ping
2013/02/04 00:14:07	[SAID]	Ï$iõ(m0t0rchik)	PONG
2013/02/04 00:14:17	[SAID]	Ï$iõ on the Phone(psixophone)	ping
2013/02/04 00:14:18	[SAID]	Ï$iõ(m0t0rchik)	PONG
2013/02/04 00:15:02	[SAID]	Ï$iõ on the Phone(psixophone)	ping
2013/02/04 00:15:03	[SAID]	Ï$iõ(m0t0rchik)	PONG
2013/02/04 00:15:23	[SAID]	Ï$iõ on the Phone(psixophone)	ping
2013/02/04 00:15:24	[SAID]	Ï$iõ(m0t0rchik)	PONG
2013/02/04 00:15:30	[SAID]	Ï$iõ on the Phone(psixophone)	ping
2013/02/04 00:15:31	[SAID]	Ï$iõ(m0t0rchik)	PONG
2013/02/04 00:15:49	[SAID]	Ï$iõ on the Phone(psixophone)	ping
2013/02/04 00:15:50	[SAID]	Ï$iõ(m0t0rchik)	PONG
2013/02/04 00:17:28	[SAID]	Ï$iõ on the Phone(psixophone)	ping
2013/02/04 00:17:29	[SAID]	Ï$iõ(m0t0rchik)	PONG
2013/02/04 00:17:35	[SAID]	Ï$iõ on the Phone(psixophone)	ping
2013/02/04 00:17:36	[SAID]	Ï$iõ(m0t0rchik)	PONG
2013/02/04 00:17:47	[SAID]	Ï$iõ on the Phone(psixophone)	ping
2013/02/04 00:17:48	[SAID]	Ï$iõ(m0t0rchik)	PONG
2013/02/04 00:18:09	[SAID]	Ï$iõ on the Phone(psixophone)	ping
2013/02/04 00:18:10	[SAID]	Ï$iõ(m0t0rchik)	PONG
2013/02/04 00:18:17	[SAID]	Ï$iõ on the Phone(psixophone)	ping
2013/02/04 00:18:18	[SAID]	Ï$iõ(m0t0rchik)	PONG
2013/02/04 00:18:37	[SAID]	Ï$iõ on the Phone(psixophone)	ping
2013/02/04 00:18:38	[SAID]	Ï$iõ(m0t0rchik)	PONG
2013/02/04 00:18:49	[SAID]	Ï$iõ on the Phone(psixophone)	ping
2013/02/04 00:18:49	[SAID]	Ï$iõ(m0t0rchik)	PONG
2013/02/04 00:19:03	[SAID]	Ï$iõ on the Phone(psixophone)	ping
2013/02/04 00:19:04	[SAID]	Ï$iõ(m0t0rchik)	PONG
2013/02/04 00:19:35	[SAID]	Ï$iõ on the Phone(psixophone)	ping
2013/02/04 00:19:36	[SAID]	Ï$iõ(m0t0rchik)	PONG
2013/02/04 00:19:53	[SAID]	Ï$iõ on the Phone(psixophone)	ping
2013/02/04 00:19:54	[SAID]	Ï$iõ(m0t0rchik)	PONG
2013/02/04 00:23:56	[SAID]	Ï$iõ on the Phone(psixophone)	ping
2013/02/04 00:23:56	[SAID]	Ï$iõ(m0t0rchik)	PONG
2013/02/04 00:24:05	[SAID]	Ï$iõ on the Phone(psixophone)	ping
2013/02/04 00:24:05	[SAID]	Ï$iõ(m0t0rchik)	PONG
2013/02/04 00:24:14	[SAID]	Ï$iõ on the Phone(psixophone)	ping
2013/02/04 00:24:14	[SAID]	Ï$iõ(m0t0rchik)	PONG
2013/02/04 00:24:19	[SAID]	Ï$iõ on the Phone(psixophone)	ping
2013/02/04 00:24:19	[SAID]	Ï$iõ(m0t0rchik)	PONG
2013/02/04 00:25:42	[SAID]	Ï$iõ on the Phone(psixophone)	ping
2013/02/04 00:25:42	[SAID]	Ï$iõ(m0t0rchik)	PONG
2013/02/04 00:25:46	[SAID]	Ï$iõ on the Phone(psixophone)	ping
2013/02/04 00:25:46	[SAID]	Ï$iõ(m0t0rchik)	PONG
2013/02/04 00:25:56	[SAID]	Ï$iõ on the Phone(psixophone)	ping
2013/02/04 00:25:56	[SAID]	Ï$iõ(m0t0rchik)	PONG
2013/02/04 00:26:03	[SAID]	Ï$iõ on the Phone(psixophone)	ping
2013/02/04 00:26:03	[SAID]	Ï$iõ(m0t0rchik)	PONG
2013/02/04 00:26:11	[SAID]	Ï$iõ on the Phone(psixophone)	ping
2013/02/04 00:26:11	[SAID]	Ï$iõ(m0t0rchik)	PONG
2013/02/04 00:26:16	[SAID]	Ï$iõ on the Phone(psixophone)	pinf
2013/02/04 00:26:20	[SAID]	Ï$iõ on the Phone(psixophone)	ping
2013/02/04 00:26:20	[SAID]	Ï$iõ(m0t0rchik)	PONG
2013/02/04 00:26:27	[SAID]	Ï$iõ on the Phone(psixophone)	ping
2013/02/04 00:26:27	[SAID]	Ï$iõ(m0t0rchik)	PONG
2013/02/04 00:26:33	[SAID]	Ï$iõ on the Phone(psixophone)	ping
2013/02/04 00:26:33	[SAID]	Ï$iõ(m0t0rchik)	PONG
